/root/ros2_ws/install/sensor_program/lib/python3.12/site-packages/sensor_program/__init__.py
/root/ros2_ws/install/sensor_program/lib/python3.12/site-packages/sensor_program/plotter_node.py
/root/ros2_ws/install/sensor_program/lib/python3.12/site-packages/sensor_program/reader_node.py
/root/ros2_ws/install/sensor_program/lib/python3.12/site-packages/sensor_program/sensor_node.py
/root/ros2_ws/install/sensor_program/lib/python3.12/site-packages/sensor_program/__pycache__/__init__.cpython-312.pyc
/root/ros2_ws/install/sensor_program/lib/python3.12/site-packages/sensor_program/__pycache__/plotter_node.cpython-312.pyc
/root/ros2_ws/install/sensor_program/lib/python3.12/site-packages/sensor_program/__pycache__/reader_node.cpython-312.pyc
/root/ros2_ws/install/sensor_program/lib/python3.12/site-packages/sensor_program/__pycache__/sensor_node.cpython-312.pyc
/root/ros2_ws/install/sensor_program/share/ament_index/resource_index/packages/sensor_program
/root/ros2_ws/install/sensor_program/share/sensor_program/package.xml
/root/ros2_ws/install/sensor_program/lib/python3.12/site-packages/sensor_program-0.0.0-py3.12.egg-info/top_level.txt
/root/ros2_ws/install/sensor_program/lib/python3.12/site-packages/sensor_program-0.0.0-py3.12.egg-info/SOURCES.txt
/root/ros2_ws/install/sensor_program/lib/python3.12/site-packages/sensor_program-0.0.0-py3.12.egg-info/dependency_links.txt
/root/ros2_ws/install/sensor_program/lib/python3.12/site-packages/sensor_program-0.0.0-py3.12.egg-info/requires.txt
/root/ros2_ws/install/sensor_program/lib/python3.12/site-packages/sensor_program-0.0.0-py3.12.egg-info/zip-safe
/root/ros2_ws/install/sensor_program/lib/python3.12/site-packages/sensor_program-0.0.0-py3.12.egg-info/PKG-INFO
/root/ros2_ws/install/sensor_program/lib/python3.12/site-packages/sensor_program-0.0.0-py3.12.egg-info/entry_points.txt
/root/ros2_ws/install/sensor_program/lib/sensor_program/plotter_node
/root/ros2_ws/install/sensor_program/lib/sensor_program/reader_node
/root/ros2_ws/install/sensor_program/lib/sensor_program/sensor_node
